app/build/outputs/logs/manifest-merger-release-report.txt
-- Merging decision tree log ---
manifest
ADDED from src/main/AndroidManifest.xml:2:1-139:12
	package
		ADDED from src/main/AndroidManifest.xml:3:5-36
		INJECTED from src/main/AndroidManifest.xml
		INJECTED from src/main/AndroidManifest.xml
	android:versionName
		INJECTED from src/main/AndroidManifest.xml
		INJECTED from src/main/AndroidManifest.xml
	xmlns:android
		ADDED from src/main/AndroidManifest.xml:2:11-69
	android:versionCode
		INJECTED from src/main/AndroidManifest.xml
		INJECTED from src/main/AndroidManifest.xml
application
ADDED from src/main/AndroidManifest.xml:5:5-137:19
MERGED from [com.android.support:appcompat-v7:25.0.1] AndroidManifest.xml:25:5-20
MERGED from [com.android.support:support-v4:25.0.1] AndroidManifest.xml:25:5-20
MERGED from [com.android.support:support-compat:25.0.1] AndroidManifest.xml:25:5-20
MERGED from [com.android.support:support-media-compat:25.0.1] AndroidManifest.xml:25:5-20
MERGED from [com.android.support:support-core-utils:25.0.1] AndroidManifest.xml:25:5-20
MERGED from [com.android.support:support-core-ui:25.0.1] AndroidManifest.xml:25:5-20
MERGED from [com.android.support:support-fragment:25.0.1] AndroidManifest.xml:25:5-20
MERGED from [com.android.support:support-vector-drawable:25.0.1] AndroidManifest.xml:23:5-20
MERGED from [com.android.support:animated-vector-drawable:25.0.1] AndroidManifest.xml:22:5-20
	android:label
		ADDED from src/main/AndroidManifest.xml:8:9-41
	android:supportsRtl
		ADDED from src/main/AndroidManifest.xml:9:9-35
	android:allowBackup
		ADDED from src/main/AndroidManifest.xml:6:9-35
	android:icon
		ADDED from src/main/AndroidManifest.xml:7:9-35
	android:theme
		ADDED from src/main/AndroidManifest.xml:10:9-40
activity#com.diogocapela.docty.MainActivity
ADDED from src/main/AndroidManifest.xml:13:9-17:75
	android:screenOrientation
		ADDED from src/main/AndroidManifest.xml:16:13-49
	android:configChanges
		ADDED from src/main/AndroidManifest.xml:15:13-48
	android:theme
		ADDED from src/main/AndroidManifest.xml:17:13-63
	android:name
		ADDED from src/main/AndroidManifest.xml:14:13-41
activity#com.diogocapela.docty.ListValuesActivity
ADDED from src/main/AndroidManifest.xml:20:9-30:20
	android:screenOrientation
		ADDED from src/main/AndroidManifest.xml:24:13-49
	android:label
		ADDED from src/main/AndroidManifest.xml:23:13-45
	android:configChanges
		ADDED from src/main/AndroidManifest.xml:22:13-48
	android:name
		ADDED from src/main/AndroidManifest.xml:21:13-47
intent-filter#android.intent.action.MAIN+android.intent.category.LAUNCHER
ADDED from src/main/AndroidManifest.xml:25:13-29:29
action#android.intent.action.MAIN
ADDED from src/main/AndroidManifest.xml:26:17-69
	android:name
		ADDED from src/main/AndroidManifest.xml:26:25-66
category#android.intent.category.LAUNCHER
ADDED from src/main/AndroidManifest.xml:28:17-77
	android:name
		ADDED from src/main/AndroidManifest.xml:28:27-74
activity#com.diogocapela.docty.ValuesVitalSignsActivity
ADDED from src/main/AndroidManifest.xml:33:9-37:61
	android:screenOrientation
		ADDED from src/main/AndroidManifest.xml:37:13-49
	android:label
		ADDED from src/main/AndroidManifest.xml:36:13-47
	android:configChanges
		ADDED from src/main/AndroidManifest.xml:35:13-48
	android:name
		ADDED from src/main/AndroidManifest.xml:34:13-53
activity#com.diogocapela.docty.ValuesHematologyActivity
ADDED from src/main/AndroidManifest.xml:40:9-44:61
	android:screenOrientation
		ADDED from src/main/AndroidManifest.xml:44:13-49
	android:label
		ADDED from src/main/AndroidManifest.xml:43:13-47
	android:configChanges
		ADDED from src/main/AndroidManifest.xml:42:13-48
	android:name
		ADDED from src/main/AndroidManifest.xml:41:13-53
activity#com.diogocapela.docty.ValuesCoagulationActivity
ADDED from src/main/AndroidManifest.xml:47:9-51:61
	android:screenOrientation
		ADDED from src/main/AndroidManifest.xml:51:13-49
	android:label
		ADDED from src/main/AndroidManifest.xml:50:13-48
	android:configChanges
		ADDED from src/main/AndroidManifest.xml:49:13-48
	android:name
		ADDED from src/main/AndroidManifest.xml:48:13-54
activity#com.diogocapela.docty.ValuesBloodGasesActivity
ADDED from src/main/AndroidManifest.xml:54:9-58:61
	android:screenOrientation
		ADDED from src/main/AndroidManifest.xml:58:13-49
	android:label
		ADDED from src/main/AndroidManifest.xml:57:13-47
	android:configChanges
		ADDED from src/main/AndroidManifest.xml:56:13-48
	android:name
		ADDED from src/main/AndroidManifest.xml:55:13-53
activity#com.diogocapela.docty.ValuesElectrolytesActivity
ADDED from src/main/AndroidManifest.xml:61:9-65:61
	android:screenOrientation
		ADDED from src/main/AndroidManifest.xml:65:13-49
	android:label
		ADDED from src/main/AndroidManifest.xml:64:13-49
	android:configChanges
		ADDED from src/main/AndroidManifest.xml:63:13-48
	android:name
		ADDED from src/main/AndroidManifest.xml:62:13-55
activity#com.diogocapela.docty.ValuesLipidsActivity
ADDED from src/main/AndroidManifest.xml:68:9-72:61
	android:screenOrientation
		ADDED from src/main/AndroidManifest.xml:72:13-49
	android:label
		ADDED from src/main/AndroidManifest.xml:71:13-43
	android:configChanges
		ADDED from src/main/AndroidManifest.xml:70:13-48
	android:name
		ADDED from src/main/AndroidManifest.xml:69:13-49
activity#com.diogocapela.docty.ValuesGastrointestinalActivity
ADDED from src/main/AndroidManifest.xml:75:9-79:61
	android:screenOrientation
		ADDED from src/main/AndroidManifest.xml:79:13-49
	android:label
		ADDED from src/main/AndroidManifest.xml:78:13-53
	android:configChanges
		ADDED from src/main/AndroidManifest.xml:77:13-48
	android:name
		ADDED from src/main/AndroidManifest.xml:76:13-59
activity#com.diogocapela.docty.ValuesCardiacMarkersActivity
ADDED from src/main/AndroidManifest.xml:82:9-86:61
	android:screenOrientation
		ADDED from src/main/AndroidManifest.xml:86:13-49
	android:label
		ADDED from src/main/AndroidManifest.xml:85:13-51
	android:configChanges
		ADDED from src/main/AndroidManifest.xml:84:13-48
	android:name
		ADDED from src/main/AndroidManifest.xml:83:13-57
activity#com.diogocapela.docty.ValuesTumorMarkersActivity
ADDED from src/main/AndroidManifest.xml:89:9-93:61
	android:screenOrientation
		ADDED from src/main/AndroidManifest.xml:93:13-49
	android:label
		ADDED from src/main/AndroidManifest.xml:92:13-49
	android:configChanges
		ADDED from src/main/AndroidManifest.xml:91:13-48
	android:name
		ADDED from src/main/AndroidManifest.xml:90:13-55
activity#com.diogocapela.docty.ValuesUrineActivity
ADDED from src/main/AndroidManifest.xml:96:9-100:61
	android:screenOrientation
		ADDED from src/main/AndroidManifest.xml:100:13-49
	android:label
		ADDED from src/main/AndroidManifest.xml:99:13-42
	android:configChanges
		ADDED from src/main/AndroidManifest.xml:98:13-48
	android:name
		ADDED from src/main/AndroidManifest.xml:97:13-48
activity#com.diogocapela.docty.ValuesHormonesActivity
ADDED from src/main/AndroidManifest.xml:103:9-107:61
	android:screenOrientation
		ADDED from src/main/AndroidManifest.xml:107:13-49
	android:label
		ADDED from src/main/AndroidManifest.xml:106:13-45
	android:configChanges
		ADDED from src/main/AndroidManifest.xml:105:13-48
	android:name
		ADDED from src/main/AndroidManifest.xml:104:13-51
activity#com.diogocapela.docty.ValuesVitaminsActivity
ADDED from src/main/AndroidManifest.xml:110:9-114:61
	android:screenOrientation
		ADDED from src/main/AndroidManifest.xml:114:13-49
	android:label
		ADDED from src/main/AndroidManifest.xml:113:13-45
	android:configChanges
		ADDED from src/main/AndroidManifest.xml:112:13-48
	android:name
		ADDED from src/main/AndroidManifest.xml:111:13-51
activity#com.diogocapela.docty.ValuesCerebrospinalFluidActivity
ADDED from src/main/AndroidManifest.xml:117:9-121:61
	android:screenOrientation
		ADDED from src/main/AndroidManifest.xml:121:13-49
	android:label
		ADDED from src/main/AndroidManifest.xml:120:13-55
	android:configChanges
		ADDED from src/main/AndroidManifest.xml:119:13-48
	android:name
		ADDED from src/main/AndroidManifest.xml:118:13-61
activity#com.diogocapela.docty.ValuesNeurologyActivity
ADDED from src/main/AndroidManifest.xml:124:9-128:61
	android:screenOrientation
		ADDED from src/main/AndroidManifest.xml:128:13-49
	android:label
		ADDED from src/main/AndroidManifest.xml:127:13-46
	android:configChanges
		ADDED from src/main/AndroidManifest.xml:126:13-48
	android:name
		ADDED from src/main/AndroidManifest.xml:125:13-52
activity#com.diogocapela.docty.ValuesMiscellaneousActivity
ADDED from src/main/AndroidManifest.xml:131:9-135:61
	android:screenOrientation
		ADDED from src/main/AndroidManifest.xml:135:13-49
	android:label
		ADDED from src/main/AndroidManifest.xml:134:13-50
	android:configChanges
		ADDED from src/main/AndroidManifest.xml:133:13-48
	android:name
		ADDED from src/main/AndroidManifest.xml:132:13-56
activity#com.diogocapela.docty.AboutActivity
ADDED from src/main/AndroidManifest.xml:136:9-60
	android:name
		ADDED from src/main/AndroidManifest.xml:136:19-48
uses-sdk
INJECTED from src/main/AndroidManifest.xml reason: use-sdk injection requested
MERGED from [com.android.support:appcompat-v7:25.0.1] AndroidManifest.xml:21:5-23:78
MERGED from [com.android.support:support-v4:25.0.1] AndroidManifest.xml:21:5-23:54
MERGED from [com.android.support:support-compat:25.0.1] AndroidManifest.xml:21:5-23:58
MERGED from [com.android.support:support-media-compat:25.0.1] AndroidManifest.xml:21:5-23:63
MERGED from [com.android.support:support-core-utils:25.0.1] AndroidManifest.xml:21:5-23:61
MERGED from [com.android.support:support-core-ui:25.0.1] AndroidManifest.xml:21:5-23:58
MERGED from [com.android.support:support-fragment:25.0.1] AndroidManifest.xml:21:5-23:60
MERGED from [com.android.support:support-vector-drawable:25.0.1] AndroidManifest.xml:21:5-43
MERGED from [com.android.support:animated-vector-drawable:25.0.1] AndroidManifest.xml:20:5-44
	tools:overrideLibrary
		ADDED from [com.android.support:appcompat-v7:25.0.1] AndroidManifest.xml:23:9-75
	android:targetSdkVersion
		INJECTED from src/main/AndroidManifest.xml
		INJECTED from src/main/AndroidManifest.xml
	android:minSdkVersion
		INJECTED from src/main/AndroidManifest.xml
		INJECTED from src/main/AndroidManifest.xml